<?xml version="1.0" encoding="UTF-8"?>
<testsuite xmlns:xsi="http://www.w3.org/2001/XMLSchema-instance" xsi:noNamespaceSchemaLocation="https://maven.apache.org/surefire/maven-surefire-plugin/xsd/surefire-test-report.xsd" name="com.start.AppTest" time="0.002" tests="1" errors="0" skipped="0" failures="0">
  <properties>
    <property name="sun.desktop" value="windows"/>
    <property name="awt.toolkit" value="sun.awt.windows.WToolkit"/>
    <property name="file.encoding.pkg" value="sun.io"/>
    <property name="java.specification.version" value="1.8"/>
    <property name="sun.cpu.isalist" value="amd64"/>
    <property name="sun.jnu.encoding" value="GBK"/>
    <property name="java.class.path" value="D:\Idea-Projects\ycConnectionStarter\target\test-classes;D:\Idea-Projects\ycConnectionStarter\target\classes;D:\Program Files (x86)\maven-repository\junit\junit\3.8.1\junit-3.8.1.jar;D:\Program Files (x86)\maven-repository\org\springframework\boot\spring-boot-autoconfigure\2.4.5\spring-boot-autoconfigure-2.4.5.jar;D:\Program Files (x86)\maven-repository\org\springframework\boot\spring-boot\2.4.5\spring-boot-2.4.5.jar;D:\Program Files (x86)\maven-repository\org\springframework\spring-core\5.3.6\spring-core-5.3.6.jar;D:\Program Files (x86)\maven-repository\org\springframework\spring-jcl\5.3.6\spring-jcl-5.3.6.jar;D:\Program Files (x86)\maven-repository\org\springframework\spring-context\5.3.6\spring-context-5.3.6.jar;D:\Program Files (x86)\maven-repository\org\springframework\spring-aop\5.3.6\spring-aop-5.3.6.jar;D:\Program Files (x86)\maven-repository\org\springframework\spring-beans\5.3.6\spring-beans-5.3.6.jar;D:\Program Files (x86)\maven-repository\org\springframework\spring-expression\5.3.6\spring-expression-5.3.6.jar;"/>
    <property name="java.vm.vendor" value="Oracle Corporation"/>
    <property name="sun.arch.data.model" value="64"/>
    <property name="user.variant" value=""/>
    <property name="java.vendor.url" value="http://java.oracle.com/"/>
    <property name="user.timezone" value="Asia/Shanghai"/>
    <property name="java.vm.specification.version" value="1.8"/>
    <property name="os.name" value="Windows 10"/>
    <property name="user.country" value="CN"/>
    <property name="sun.java.launcher" value="SUN_STANDARD"/>
    <property name="sun.boot.library.path" value="C:\Program Files\Java\jdk1.8.0_333\jre\bin"/>
    <property name="sun.java.command" value="C:\Users\SSY\AppData\Local\Temp\surefire1898376937585877049\surefirebooter741026645971643342.jar C:\Users\SSY\AppData\Local\Temp\surefire1898376937585877049 2022-08-25T17-12-15_510-jvmRun1 surefire7172266197747843322tmp surefire_08656030526057988028tmp"/>
    <property name="surefire.test.class.path" value="D:\Idea-Projects\ycConnectionStarter\target\test-classes;D:\Idea-Projects\ycConnectionStarter\target\classes;D:\Program Files (x86)\maven-repository\junit\junit\3.8.1\junit-3.8.1.jar;D:\Program Files (x86)\maven-repository\org\springframework\boot\spring-boot-autoconfigure\2.4.5\spring-boot-autoconfigure-2.4.5.jar;D:\Program Files (x86)\maven-repository\org\springframework\boot\spring-boot\2.4.5\spring-boot-2.4.5.jar;D:\Program Files (x86)\maven-repository\org\springframework\spring-core\5.3.6\spring-core-5.3.6.jar;D:\Program Files (x86)\maven-repository\org\springframework\spring-jcl\5.3.6\spring-jcl-5.3.6.jar;D:\Program Files (x86)\maven-repository\org\springframework\spring-context\5.3.6\spring-context-5.3.6.jar;D:\Program Files (x86)\maven-repository\org\springframework\spring-aop\5.3.6\spring-aop-5.3.6.jar;D:\Program Files (x86)\maven-repository\org\springframework\spring-beans\5.3.6\spring-beans-5.3.6.jar;D:\Program Files (x86)\maven-repository\org\springframework\spring-expression\5.3.6\spring-expression-5.3.6.jar;"/>
    <property name="sun.cpu.endian" value="little"/>
    <property name="user.home" value="C:\Users\SSY"/>
    <property name="user.language" value="zh"/>
    <property name="java.specification.vendor" value="Oracle Corporation"/>
    <property name="java.home" value="C:\Program Files\Java\jdk1.8.0_333\jre"/>
    <property name="basedir" value="D:\Idea-Projects\ycConnectionStarter"/>
    <property name="file.separator" value="\"/>
    <property name="line.separator" value="&#10;"/>
    <property name="java.vm.specification.vendor" value="Oracle Corporation"/>
    <property name="java.specification.name" value="Java Platform API Specification"/>
    <property name="java.awt.graphicsenv" value="sun.awt.Win32GraphicsEnvironment"/>
    <property name="surefire.real.class.path" value="C:\Users\SSY\AppData\Local\Temp\surefire1898376937585877049\surefirebooter741026645971643342.jar"/>
    <property name="sun.boot.class.path" value="C:\Program Files\Java\jdk1.8.0_333\jre\lib\resources.jar;C:\Program Files\Java\jdk1.8.0_333\jre\lib\rt.jar;C:\Program Files\Java\jdk1.8.0_333\jre\lib\sunrsasign.jar;C:\Program Files\Java\jdk1.8.0_333\jre\lib\jsse.jar;C:\Program Files\Java\jdk1.8.0_333\jre\lib\jce.jar;C:\Program Files\Java\jdk1.8.0_333\jre\lib\charsets.jar;C:\Program Files\Java\jdk1.8.0_333\jre\lib\jfr.jar;C:\Program Files\Java\jdk1.8.0_333\jre\classes"/>
    <property name="user.script" value=""/>
    <property name="sun.management.compiler" value="HotSpot 64-Bit Tiered Compilers"/>
    <property name="java.runtime.version" value="1.8.0_333-b02"/>
    <property name="user.name" value="SSY"/>
    <property name="path.separator" value=";"/>
    <property name="os.version" value="10.0"/>
    <property name="java.endorsed.dirs" value="C:\Program Files\Java\jdk1.8.0_333\jre\lib\endorsed"/>
    <property name="java.runtime.name" value="Java(TM) SE Runtime Environment"/>
    <property name="file.encoding" value="GBK"/>
    <property name="java.vm.name" value="Java HotSpot(TM) 64-Bit Server VM"/>
    <property name="localRepository" value="D:\Program Files (x86)\maven-repository"/>
    <property name="java.vendor.url.bug" value="http://bugreport.sun.com/bugreport/"/>
    <property name="java.io.tmpdir" value="C:\Users\SSY\AppData\Local\Temp\"/>
    <property name="idea.version" value="2022.2"/>
    <property name="java.version" value="1.8.0_333"/>
    <property name="user.dir" value="D:\Idea-Projects\ycConnectionStarter"/>
    <property name="os.arch" value="amd64"/>
    <property name="java.vm.specification.name" value="Java Virtual Machine Specification"/>
    <property name="java.awt.printerjob" value="sun.awt.windows.WPrinterJob"/>
    <property name="sun.os.patch.level" value=""/>
    <property name="java.library.path" value="C:\Program Files\Java\jdk1.8.0_333\jre\bin;C:\Windows\Sun\Java\bin;C:\Windows\system32;C:\Windows;E:\Program Files (x86)\VMware\VMware Workstation\bin\;C:\Program Files\Java\jdk1.8.0_333\bin;D:\Program Files (x86)\Bandizip\;D:\Program Files (x86)\maven\apache-maven-3.8.6\bin;D:\Program Files\Git\cmd;D:\Program Files\TortoiseGit\bin;C:\Program Files (x86)\Common Files\Oracle\Java\javapath;C:\Windows\system32;D:\apache-jmeter-5.5\bin;D:\dev\apache-tomcat-9.0.65\lib;D:\dev\apache-tomcat-9.0.65\bin;C:\Users\SSY\AppData\Local\Microsoft\WindowsApps;;."/>
    <property name="java.vm.info" value="mixed mode"/>
    <property name="java.vendor" value="Oracle Corporation"/>
    <property name="java.vm.version" value="25.333-b02"/>
    <property name="java.ext.dirs" value="C:\Program Files\Java\jdk1.8.0_333\jre\lib\ext;C:\Windows\Sun\Java\lib\ext"/>
    <property name="sun.io.unicode.encoding" value="UnicodeLittle"/>
    <property name="maven.repo.local" value="D:\Program Files (x86)\maven-repository"/>
    <property name="java.class.version" value="52.0"/>
  </properties>
  <testcase name="testApp" classname="com.start.AppTest" time="0"/>
</testsuite>